This is pdfTeX, Version 3.14159265-2.6-1.40.15 (TeX Live 2014) (preloaded format=pdflatex 2014.8.22)  11 DEC 2015 12:18
entering extended mode
 restricted \write18 enabled.
 %&-line parsing enabled.
**report5.tex
(./report5.tex
LaTeX2e <2014/05/01>
Babel <3.9k> and hyphenation patterns for 78 languages loaded.
(/usr/local/texlive/2014/texmf-dist/tex/latex/base/article.cls
Document Class: article 2007/10/19 v1.4h Standard LaTeX document class
(/usr/local/texlive/2014/texmf-dist/tex/latex/base/size11.clo
File: size11.clo 2007/10/19 v1.4h Standard LaTeX file (size option)
)
\c@part=\count79
\c@section=\count80
\c@subsection=\count81
\c@subsubsection=\count82
\c@paragraph=\count83
\c@subparagraph=\count84
\c@figure=\count85
\c@table=\count86
\abovecaptionskip=\skip41
\belowcaptionskip=\skip42
\bibindent=\dimen102
)
(/usr/local/texlive/2014/texmf-dist/tex/latex/tools/verbatim.sty
Package: verbatim 2003/08/22 v1.5q LaTeX2e package for verbatim enhancements
\every@verbatim=\toks14
\verbatim@line=\toks15
\verbatim@in@stream=\read1
)
(/usr/local/texlive/2014/texmf-dist/tex/latex/listings/listings.sty
(/usr/local/texlive/2014/texmf-dist/tex/latex/graphics/keyval.sty
Package: keyval 2014/05/08 v1.15 key=value parser (DPC)
\KV@toks@=\toks16
)
\lst@mode=\count87
\lst@gtempboxa=\box26
\lst@token=\toks17
\lst@length=\count88
\lst@currlwidth=\dimen103
\lst@column=\count89
\lst@pos=\count90
\lst@lostspace=\dimen104
\lst@width=\dimen105
\lst@newlines=\count91
\lst@lineno=\count92
\lst@maxwidth=\dimen106

(/usr/local/texlive/2014/texmf-dist/tex/latex/listings/lstmisc.sty
File: lstmisc.sty 2014/03/04 1.5c (Carsten Heinz)
\c@lstnumber=\count93
\lst@skipnumbers=\count94
\lst@framebox=\box27
)
(/usr/local/texlive/2014/texmf-dist/tex/latex/listings/listings.cfg
File: listings.cfg 2014/03/04 1.5c listings configuration
))
Package: listings 2014/03/04 1.5c (Carsten Heinz)

(/usr/local/texlive/2014/texmf-dist/tex/latex/graphics/graphicx.sty
Package: graphicx 2014/04/25 v1.0g Enhanced LaTeX Graphics (DPC,SPQR)

(/usr/local/texlive/2014/texmf-dist/tex/latex/graphics/graphics.sty
Package: graphics 2009/02/05 v1.0o Standard LaTeX Graphics (DPC,SPQR)

(/usr/local/texlive/2014/texmf-dist/tex/latex/graphics/trig.sty
Package: trig 1999/03/16 v1.09 sin cos tan (DPC)
)
(/usr/local/texlive/2014/texmf-dist/tex/latex/latexconfig/graphics.cfg
File: graphics.cfg 2010/04/23 v1.9 graphics configuration of TeX Live
)
Package graphics Info: Driver file: pdftex.def on input line 91.

(/usr/local/texlive/2014/texmf-dist/tex/latex/pdftex-def/pdftex.def
File: pdftex.def 2011/05/27 v0.06d Graphics/color for pdfTeX

(/usr/local/texlive/2014/texmf-dist/tex/generic/oberdiek/infwarerr.sty
Package: infwarerr 2010/04/08 v1.3 Providing info/warning/error messages (HO)
)
(/usr/local/texlive/2014/texmf-dist/tex/generic/oberdiek/ltxcmds.sty
Package: ltxcmds 2011/11/09 v1.22 LaTeX kernel commands for general use (HO)
)
\Gread@gobject=\count95
))
\Gin@req@height=\dimen107
\Gin@req@width=\dimen108
)
(/usr/local/texlive/2014/texmf-dist/tex/latex/a4wide/a4wide.sty
Package: a4wide 1994/08/30

(/usr/local/texlive/2014/texmf-dist/tex/latex/ntgclass/a4.sty
Package: a4 2004/04/15 v1.2g A4 based page layout
))
(/usr/local/texlive/2014/texmf-dist/tex/latex/graphics/color.sty
Package: color 2014/04/23 v1.1a Standard LaTeX Color (DPC)

(/usr/local/texlive/2014/texmf-dist/tex/latex/latexconfig/color.cfg
File: color.cfg 2007/01/18 v1.5 color configuration of teTeX/TeXLive
)
Package color Info: Driver file: pdftex.def on input line 137.
)
(/usr/local/texlive/2014/texmf-dist/tex/latex/amsmath/amsmath.sty
Package: amsmath 2013/01/14 v2.14 AMS math features
\@mathmargin=\skip43

For additional information on amsmath, use the `?' option.
(/usr/local/texlive/2014/texmf-dist/tex/latex/amsmath/amstext.sty
Package: amstext 2000/06/29 v2.01

(/usr/local/texlive/2014/texmf-dist/tex/latex/amsmath/amsgen.sty
File: amsgen.sty 1999/11/30 v2.0
\@emptytoks=\toks18
\ex@=\dimen109
))
(/usr/local/texlive/2014/texmf-dist/tex/latex/amsmath/amsbsy.sty
Package: amsbsy 1999/11/29 v1.2d
\pmbraise@=\dimen110
)
(/usr/local/texlive/2014/texmf-dist/tex/latex/amsmath/amsopn.sty
Package: amsopn 1999/12/14 v2.01 operator names
)
\inf@bad=\count96
LaTeX Info: Redefining \frac on input line 210.
\uproot@=\count97
\leftroot@=\count98
LaTeX Info: Redefining \overline on input line 306.
\classnum@=\count99
\DOTSCASE@=\count100
LaTeX Info: Redefining \ldots on input line 378.
LaTeX Info: Redefining \dots on input line 381.
LaTeX Info: Redefining \cdots on input line 466.
\Mathstrutbox@=\box28
\strutbox@=\box29
\big@size=\dimen111
LaTeX Font Info:    Redeclaring font encoding OML on input line 566.
LaTeX Font Info:    Redeclaring font encoding OMS on input line 567.
\macc@depth=\count101
\c@MaxMatrixCols=\count102
\dotsspace@=\muskip10
\c@parentequation=\count103
\dspbrk@lvl=\count104
\tag@help=\toks19
\row@=\count105
\column@=\count106
\maxfields@=\count107
\andhelp@=\toks20
\eqnshift@=\dimen112
\alignsep@=\dimen113
\tagshift@=\dimen114
\tagwidth@=\dimen115
\totwidth@=\dimen116
\lineht@=\dimen117
\@envbody=\toks21
\multlinegap=\skip44
\multlinetaggap=\skip45
\mathdisplay@stack=\toks22
LaTeX Info: Redefining \[ on input line 2665.
LaTeX Info: Redefining \] on input line 2666.
)
(/usr/local/texlive/2014/texmf-dist/tex/latex/amsfonts/amssymb.sty
Package: amssymb 2013/01/14 v3.01 AMS font symbols

(/usr/local/texlive/2014/texmf-dist/tex/latex/amsfonts/amsfonts.sty
Package: amsfonts 2013/01/14 v3.01 Basic AMSFonts support
\symAMSa=\mathgroup4
\symAMSb=\mathgroup5
LaTeX Font Info:    Overwriting math alphabet `\mathfrak' in version `bold'
(Font)                  U/euf/m/n --> U/euf/b/n on input line 106.
))
(/usr/local/texlive/2014/texmf-dist/tex/latex/graphics/epsfig.sty
Package: epsfig 1999/02/16 v1.7a (e)psfig emulation (SPQR)
\epsfxsize=\dimen118
\epsfysize=\dimen119
)
(/usr/local/texlive/2014/texmf-dist/tex/latex/base/fontenc.sty
Package: fontenc 2005/09/27 v1.99g Standard LaTeX package

(/usr/local/texlive/2014/texmf-dist/tex/latex/base/t1enc.def
File: t1enc.def 2005/09/27 v1.99g Standard LaTeX file
LaTeX Font Info:    Redeclaring font encoding T1 on input line 43.
))
(/usr/local/texlive/2014/texmf-dist/tex/latex/cite/cite.sty
LaTeX Info: Redefining \cite on input line 302.
LaTeX Info: Redefining \nocite on input line 373.
Package: cite 2010/09/10  v 5.3
)
(/usr/local/texlive/2014/texmf-dist/tex/latex/shadow/shadow.sty
Package: shadow 2003/02/19 v1.3 shadow boxes (M.O.)
\txtwdth=\dimen120
\sht=\dimen121
\shw=\dimen122
\shbox=\box30
\sboxsep=\dimen123
\sboxrule=\dimen124
\sdim=\dimen125
)
(/usr/local/texlive/2014/texmf-dist/tex/latex/hyperref/hyperref.sty
Package: hyperref 2012/11/06 v6.83m Hypertext links for LaTeX

(/usr/local/texlive/2014/texmf-dist/tex/generic/oberdiek/hobsub-hyperref.sty
Package: hobsub-hyperref 2012/05/28 v1.13 Bundle oberdiek, subset hyperref (HO)


(/usr/local/texlive/2014/texmf-dist/tex/generic/oberdiek/hobsub-generic.sty
Package: hobsub-generic 2012/05/28 v1.13 Bundle oberdiek, subset generic (HO)
Package: hobsub 2012/05/28 v1.13 Construct package bundles (HO)
Package hobsub Info: Skipping package `infwarerr' (already loaded).
Package hobsub Info: Skipping package `ltxcmds' (already loaded).
Package: ifluatex 2010/03/01 v1.3 Provides the ifluatex switch (HO)
Package ifluatex Info: LuaTeX not detected.
Package: ifvtex 2010/03/01 v1.5 Detect VTeX and its facilities (HO)
Package ifvtex Info: VTeX not detected.
Package: intcalc 2007/09/27 v1.1 Expandable calculations with integers (HO)
Package: ifpdf 2011/01/30 v2.3 Provides the ifpdf switch (HO)
Package ifpdf Info: pdfTeX in PDF mode is detected.
Package: etexcmds 2011/02/16 v1.5 Avoid name clashes with e-TeX commands (HO)
Package etexcmds Info: Could not find \expanded.
(etexcmds)             That can mean that you are not using pdfTeX 1.50 or
(etexcmds)             that some package has redefined \expanded.
(etexcmds)             In the latter case, load this package earlier.
Package: kvsetkeys 2012/04/25 v1.16 Key value parser (HO)
Package: kvdefinekeys 2011/04/07 v1.3 Define keys (HO)
Package: pdftexcmds 2011/11/29 v0.20 Utility functions of pdfTeX for LuaTeX (HO
)
Package pdftexcmds Info: LuaTeX not detected.
Package pdftexcmds Info: \pdf@primitive is available.
Package pdftexcmds Info: \pdf@ifprimitive is available.
Package pdftexcmds Info: \pdfdraftmode found.
Package: pdfescape 2011/11/25 v1.13 Implements pdfTeX's escape features (HO)
Package: bigintcalc 2012/04/08 v1.3 Expandable calculations on big integers (HO
)
Package: bitset 2011/01/30 v1.1 Handle bit-vector datatype (HO)
Package: uniquecounter 2011/01/30 v1.2 Provide unlimited unique counter (HO)
)
Package hobsub Info: Skipping package `hobsub' (already loaded).
Package: letltxmacro 2010/09/02 v1.4 Let assignment for LaTeX macros (HO)
Package: hopatch 2012/05/28 v1.2 Wrapper for package hooks (HO)
Package: xcolor-patch 2011/01/30 xcolor patch
Package: atveryend 2011/06/30 v1.8 Hooks at the very end of document (HO)
Package atveryend Info: \enddocument detected (standard20110627).
Package: atbegshi 2011/10/05 v1.16 At begin shipout hook (HO)
Package: refcount 2011/10/16 v3.4 Data extraction from label references (HO)
Package: hycolor 2011/01/30 v1.7 Color options for hyperref/bookmark (HO)
)
(/usr/local/texlive/2014/texmf-dist/tex/generic/ifxetex/ifxetex.sty
Package: ifxetex 2010/09/12 v0.6 Provides ifxetex conditional
)
(/usr/local/texlive/2014/texmf-dist/tex/latex/oberdiek/auxhook.sty
Package: auxhook 2011/03/04 v1.3 Hooks for auxiliary files (HO)
)
(/usr/local/texlive/2014/texmf-dist/tex/latex/oberdiek/kvoptions.sty
Package: kvoptions 2011/06/30 v3.11 Key value format for package options (HO)
)
\@linkdim=\dimen126
\Hy@linkcounter=\count108
\Hy@pagecounter=\count109

(/usr/local/texlive/2014/texmf-dist/tex/latex/hyperref/pd1enc.def
File: pd1enc.def 2012/11/06 v6.83m Hyperref: PDFDocEncoding definition (HO)
)
\Hy@SavedSpaceFactor=\count110

(/usr/local/texlive/2014/texmf-dist/tex/latex/latexconfig/hyperref.cfg
File: hyperref.cfg 2002/06/06 v1.2 hyperref configuration of TeXLive
)
Package hyperref Info: Hyper figures OFF on input line 4443.
Package hyperref Info: Link nesting OFF on input line 4448.
Package hyperref Info: Hyper index ON on input line 4451.
Package hyperref Info: Plain pages OFF on input line 4458.
Package hyperref Info: Backreferencing OFF on input line 4463.
Package hyperref Info: Implicit mode ON; LaTeX internals redefined.
Package hyperref Info: Bookmarks ON on input line 4688.
\c@Hy@tempcnt=\count111

(/usr/local/texlive/2014/texmf-dist/tex/latex/url/url.sty
\Urlmuskip=\muskip11
Package: url 2013/09/16  ver 3.4  Verb mode for urls, etc.
)
LaTeX Info: Redefining \url on input line 5041.
\XeTeXLinkMargin=\dimen127
\Fld@menulength=\count112
\Field@Width=\dimen128
\Fld@charsize=\dimen129
Package hyperref Info: Hyper figures OFF on input line 6295.
Package hyperref Info: Link nesting OFF on input line 6300.
Package hyperref Info: Hyper index ON on input line 6303.
Package hyperref Info: backreferencing OFF on input line 6310.
Package hyperref Info: Link coloring OFF on input line 6315.
Package hyperref Info: Link coloring with OCG OFF on input line 6320.
Package hyperref Info: PDF/A mode OFF on input line 6325.
LaTeX Info: Redefining \ref on input line 6365.
LaTeX Info: Redefining \pageref on input line 6369.
\Hy@abspage=\count113
\c@Item=\count114
\c@Hfootnote=\count115
)

Package hyperref Message: Driver (autodetected): hpdftex.

(/usr/local/texlive/2014/texmf-dist/tex/latex/hyperref/hpdftex.def
File: hpdftex.def 2012/11/06 v6.83m Hyperref driver for pdfTeX
\Fld@listcount=\count116
\c@bookmark@seq@number=\count117

(/usr/local/texlive/2014/texmf-dist/tex/latex/oberdiek/rerunfilecheck.sty
Package: rerunfilecheck 2011/04/15 v1.7 Rerun checks for auxiliary files (HO)
Package uniquecounter Info: New unique counter `rerunfilecheck' on input line 2
82.
)
\Hy@SectionHShift=\skip46
)
(/usr/local/texlive/2014/texmf-dist/tex/latex/SIunits/SIunits.sty
Package: SIunits 2007/12/02 v1.36 Support for the International System of units
 (MH)


\@qskwidth=\skip47
\symgreek=\mathgroup6
(/usr/local/texlive/2014/texmf-dist/tex/latex/SIunits/SIunits.cfg)
Option `squaren' provided!
) (/usr/local/texlive/2014/texmf-dist/tex/latex/caption/caption.sty
Package: caption 2013/05/02 v3.3-89 Customizing captions (AR)

(/usr/local/texlive/2014/texmf-dist/tex/latex/caption/caption3.sty
Package: caption3 2013/05/02 v1.6-88 caption3 kernel (AR)
Package caption3 Info: TeX engine: e-TeX on input line 57.
\captionmargin=\dimen130
\captionmargin@=\dimen131
\captionwidth=\dimen132
\caption@tempdima=\dimen133
\caption@indent=\dimen134
\caption@parindent=\dimen135
\caption@hangindent=\dimen136
)
\c@ContinuedFloat=\count118
Package caption Info: hyperref package is loaded.
Package caption Info: listings package is loaded.
)
(/usr/local/texlive/2014/texmf-dist/tex/latex/listings/lstlang1.sty
File: lstlang1.sty 2014/03/04 1.5c listings language file
)
(/usr/local/texlive/2014/texmf-dist/tex/latex/listings/lstlang1.sty
File: lstlang1.sty 2014/03/04 1.5c listings language file
)
(/usr/local/texlive/2014/texmf-dist/tex/latex/listings/lstmisc.sty
File: lstmisc.sty 2014/03/04 1.5c (Carsten Heinz)
)
(/usr/local/texlive/2014/texmf-dist/tex/latex/listings/lstlang1.sty
File: lstlang1.sty 2014/03/04 1.5c listings language file
)
(/usr/local/texlive/2014/texmf-dist/tex/latex/listings/lstlang1.sty
File: lstlang1.sty 2014/03/04 1.5c listings language file
)
(/usr/local/texlive/2014/texmf-dist/tex/latex/listings/lstlang1.sty
File: lstlang1.sty 2014/03/04 1.5c listings language file
)

LaTeX Warning: Unused global option(s):
    [a4wide].

(./report5.aux)
\openout1 = `report5.aux'.

LaTeX Font Info:    Checking defaults for OML/cmm/m/it on input line 94.
LaTeX Font Info:    ... okay on input line 94.
LaTeX Font Info:    Checking defaults for T1/cmr/m/n on input line 94.
LaTeX Font Info:    ... okay on input line 94.
LaTeX Font Info:    Checking defaults for OT1/cmr/m/n on input line 94.
LaTeX Font Info:    ... okay on input line 94.
LaTeX Font Info:    Checking defaults for OMS/cmsy/m/n on input line 94.
LaTeX Font Info:    ... okay on input line 94.
LaTeX Font Info:    Checking defaults for OMX/cmex/m/n on input line 94.
LaTeX Font Info:    ... okay on input line 94.
LaTeX Font Info:    Checking defaults for U/cmr/m/n on input line 94.
LaTeX Font Info:    ... okay on input line 94.
LaTeX Font Info:    Checking defaults for PD1/pdf/m/n on input line 94.
LaTeX Font Info:    ... okay on input line 94.
LaTeX Font Info:    Checking defaults for TS1/cmr/m/n on input line 94.
LaTeX Font Info:    Try loading font information for TS1+cmr on input line 94.
 (/usr/local/texlive/2014/texmf-dist/tex/latex/base/ts1cmr.fd
File: ts1cmr.fd 1999/05/25 v2.5h Standard LaTeX font definitions
)
LaTeX Font Info:    ... okay on input line 94.
\c@lstlisting=\count119

(/usr/local/texlive/2014/texmf-dist/tex/context/base/supp-pdf.mkii
[Loading MPS to PDF converter (version 2006.09.02).]
\scratchcounter=\count120
\scratchdimen=\dimen137
\scratchbox=\box31
\nofMPsegments=\count121
\nofMParguments=\count122
\everyMPshowfont=\toks23
\MPscratchCnt=\count123
\MPscratchDim=\dimen138
\MPnumerator=\count124
\makeMPintoPDFobject=\count125
\everyMPtoPDFconversion=\toks24
) (/usr/local/texlive/2014/texmf-dist/tex/latex/oberdiek/epstopdf-base.sty
Package: epstopdf-base 2010/02/09 v2.5 Base part for package epstopdf

(/usr/local/texlive/2014/texmf-dist/tex/latex/oberdiek/grfext.sty
Package: grfext 2010/08/19 v1.1 Manage graphics extensions (HO)
)
Package grfext Info: Graphics extension search list:
(grfext)             [.png,.pdf,.jpg,.mps,.jpeg,.jbig2,.jb2,.PNG,.PDF,.JPG,.JPE
G,.JBIG2,.JB2,.eps]
(grfext)             \AppendGraphicsExtensions on input line 452.

(/usr/local/texlive/2014/texmf-dist/tex/latex/latexconfig/epstopdf-sys.cfg
File: epstopdf-sys.cfg 2010/07/13 v1.3 Configuration of (r)epstopdf for TeX Liv
e
))
\AtBeginShipoutBox=\box32
Package hyperref Info: Link coloring OFF on input line 94.

(/usr/local/texlive/2014/texmf-dist/tex/latex/hyperref/nameref.sty
Package: nameref 2012/10/27 v2.43 Cross-referencing by name of section

(/usr/local/texlive/2014/texmf-dist/tex/generic/oberdiek/gettitlestring.sty
Package: gettitlestring 2010/12/03 v1.4 Cleanup title references (HO)
)
\c@section@level=\count126
)
LaTeX Info: Redefining \ref on input line 94.
LaTeX Info: Redefining \pageref on input line 94.
LaTeX Info: Redefining \nameref on input line 94.

(./report5.out) (./report5.out)
\@outlinefile=\write3
\openout3 = `report5.out'.


Option `squaren' provided! 
 Command \squaren defined by SIunits package!

Package caption Info: Begin \AtBeginDocument code.
Package caption Info: End \AtBeginDocument code.
\drop=\skip48

Overfull \hbox (17.0pt too wide) in paragraph at lines 96--96
[][] 
 []


Overfull \hbox (17.0pt too wide) in paragraph at lines 96--96
[][] 
 []

LaTeX Font Info:    Try loading font information for T1+cmtt on input line 96.
(/usr/local/texlive/2014/texmf-dist/tex/latex/base/t1cmtt.fd
File: t1cmtt.fd 1999/05/25 v2.5h Standard LaTeX font definitions
)
LaTeX Font Info:    Try loading font information for U+msa on input line 96.

(/usr/local/texlive/2014/texmf-dist/tex/latex/amsfonts/umsa.fd
File: umsa.fd 2013/01/14 v3.01 AMS symbols A
)
LaTeX Font Info:    Try loading font information for U+msb on input line 96.

(/usr/local/texlive/2014/texmf-dist/tex/latex/amsfonts/umsb.fd
File: umsb.fd 2013/01/14 v3.01 AMS symbols B
) [1

{/usr/local/texlive/2014/texmf-var/fonts/map/pdftex/updmap/pdftex.map}] (./repo
rt5.toc)
\tf@toc=\write4
\openout4 = `report5.toc'.


[2]
Underfull \hbox (badness 10000) in paragraph at lines 105--105
[][][][]$\T1/cmtt/m/n/9 https : / / en . wikipedia . org / wiki / Molecular _ d
ynamics # Areas _ of _ application _ and _ limitations$[]\T1/cmr/m/n/9 ,
 []

[3]
Overfull \hbox (2.1308pt too wide) in paragraph at lines 140--173
[]$[]$ $[]$ $[]$ $[]$
 []

<plots/crystal.jpg, id=125, 963.6pt x 963.6pt>
File: plots/crystal.jpg Graphic file (type jpg)
 <use plots/crystal.jpg>
Package pdftex.def Info: plots/crystal.jpg used on input line 176.
(pdftex.def)             Requested size: 132.79747pt x 132.7858pt.
 [4 <./plots/crystal.jpg>] [5]
Underfull \hbox (badness 10000) in paragraph at lines 227--227
[][][][]$\T1/cmtt/m/n/9 https : / / en . wikipedia . org / wiki / Periodic _ bo
undary _ conditions # Practical _ implementation :
 []


Overfull \hbox (23.62245pt too wide) in paragraph at lines 252--254
[]\T1/cmr/m/n/10.95 (discussed in the lec-ture notes.?) see []$\T1/cmtt/m/n/10.
95 https : / / en . wikipedia . org / wiki / Verlet _ integration #
 []

[6]

LaTeX Warning: Reference `sec:units' on page 7 undefined on input line 273.

LaTeX Font Info:    Try loading font information for OMS+cmr on input line 292.

(/usr/local/texlive/2014/texmf-dist/tex/latex/base/omscmr.fd
File: omscmr.fd 1999/05/25 v2.5h Standard LaTeX font definitions
)
LaTeX Font Info:    Font shape `OMS/cmr/m/n' in size <10.95> not available
(Font)              Font shape `OMS/cmsy/m/n' tried instead on input line 292.
 [7]
<plots/force_potential.png, id=185, 578.16pt x 433.62pt>
File: plots/force_potential.png Graphic file (type png)

<use plots/force_potential.png>
Package pdftex.def Info: plots/force_potential.png used on input line 325.
(pdftex.def)             Requested size: 354.12434pt x 265.59291pt.

Underfull \hbox (badness 10000) in paragraph at lines 334--334
[][][][]$\T1/cmtt/m/n/9 https : / / en . wikipedia . org / wiki / Periodic _ bo
undary _ conditions # Practical _ implementation :
 []

[8] [9 <./plots/force_potential.png>]
LaTeX Font Info:    Font shape `OMS/cmr/m/n' in size <10> not available
(Font)              Font shape `OMS/cmsy/m/n' tried instead on input line 340.
 [10]
LaTeX Font Info:    Font shape `T1/cmtt/bx/n' in size <10.95> not available
(Font)              Font shape `T1/cmtt/m/n' tried instead on input line 414.

<plots/OneUnitCell.png, id=229, 653.44125pt x 654.445pt>
File: plots/OneUnitCell.png Graphic file (type png)

<use plots/OneUnitCell.png>
Package pdftex.def Info: plots/OneUnitCell.png used on input line 420.
(pdftex.def)             Requested size: 127.11642pt x 127.3181pt.

<plots/10UnitCells.png, id=230, 669.50125pt x 584.1825pt>
File: plots/10UnitCells.png Graphic file (type png)

<use plots/10UnitCells.png>
Package pdftex.def Info: plots/10UnitCells.png used on input line 421.
(pdftex.def)             Requested size: 145.9116pt x 127.3181pt.
 [11]
<plots/dt_NrOfCells5_T2500_b5260.png, id=243, 578.16pt x 433.62pt>
File: plots/dt_NrOfCells5_T2500_b5260.png Graphic file (type png)

<use plots/dt_NrOfCells5_T2500_b5260.png>
Package pdftex.def Info: plots/dt_NrOfCells5_T2500_b5260.png used on input line
 443.
(pdftex.def)             Requested size: 265.59494pt x 199.19633pt.

<plots/exeTime_NrOfCells_T2500_b5260.png, id=245, 578.16pt x 433.62pt>
File: plots/exeTime_NrOfCells_T2500_b5260.png Graphic file (type png)

<use plots/exeTime_NrOfCells_T2500_b5260.png>
Package pdftex.def Info: plots/exeTime_NrOfCells_T2500_b5260.png used on input 
line 452.
(pdftex.def)             Requested size: 265.59494pt x 199.19633pt.
 [12 <./plots/OneUnitCell.png> <./plots/10UnitCells.png>]
<plots/Energy_time_T25.png, id=258, 578.16pt x 433.62pt>
File: plots/Energy_time_T25.png Graphic file (type png)

<use plots/Energy_time_T25.png>
Package pdftex.def Info: plots/Energy_time_T25.png used on input line 470.
(pdftex.def)             Requested size: 265.59494pt x 199.19633pt.
 [13 <./plots/dt_NrOfCells5_T2500_b5260.png>]
[14 <./plots/exeTime_NrOfCells_T2500_b5260.png> <./plots/Energy_time_T25.png>]
<plots/Energy_time_T835.png, id=277, 578.16pt x 433.62pt>
File: plots/Energy_time_T835.png Graphic file (type png)

<use plots/Energy_time_T835.png>
Package pdftex.def Info: plots/Energy_time_T835.png used on input line 479.
(pdftex.def)             Requested size: 265.59494pt x 199.19633pt.

<plots/T_time_T25.png, id=283, 578.16pt x 433.62pt>
File: plots/T_time_T25.png Graphic file (type png)
 <use plots/T_time_T25.png>
Package pdftex.def Info: plots/T_time_T25.png used on input line 492.
(pdftex.def)             Requested size: 265.59494pt x 199.19633pt.

<plots/T_time_T835.png, id=284, 578.16pt x 433.62pt>
File: plots/T_time_T835.png Graphic file (type png)

<use plots/T_time_T835.png>
Package pdftex.def Info: plots/T_time_T835.png used on input line 499.
(pdftex.def)             Requested size: 265.59494pt x 199.19633pt.
 [15 <./plots/Energy_time_T835.png>] [16 <./plots/T_time_T25.png> <./plots/T_ti
me_T835.png>]
<plots/TTi_time.png, id=302, 578.16pt x 433.62pt>
File: plots/TTi_time.png Graphic file (type png)
 <use plots/TTi_time.png>
Package pdftex.def Info: plots/TTi_time.png used on input line 517.
(pdftex.def)             Requested size: 265.59494pt x 199.19633pt.

<plots/D_r2_time.png, id=303, 578.16pt x 433.62pt>
File: plots/D_r2_time.png Graphic file (type png)
 <use plots/D_r2_time.png>
Package pdftex.def Info: plots/D_r2_time.png used on input line 526.
(pdftex.def)             Requested size: 265.59494pt x 199.19633pt.

<plots/D_T.png, id=306, 578.16pt x 433.62pt>
File: plots/D_T.png Graphic file (type png)
 <use plots/D_T.png>
Package pdftex.def Info: plots/D_T.png used on input line 537.
(pdftex.def)             Requested size: 265.59494pt x 199.19633pt.
 [17 <./plots/TTi_time.png>] [18 <./plots/D_r2_time.png> <./plots/D_T.png>]
Package atveryend Info: Empty hook `BeforeClearDocument' on input line 557.
 [19]
Package atveryend Info: Empty hook `AfterLastShipout' on input line 557.

(./report5.aux)
Package atveryend Info: Executing hook `AtVeryEndDocument' on input line 557.
Package atveryend Info: Executing hook `AtEndAfterFileList' on input line 557.


Package rerunfilecheck Warning: File `report5.out' has changed.
(rerunfilecheck)                Rerun to get outlines right
(rerunfilecheck)                or use package `bookmark'.

Package rerunfilecheck Info: Checksums for `report5.out':
(rerunfilecheck)             Before: A43D159246FE4DAA0D86A7189E9264DA;1290
(rerunfilecheck)             After:  3664D74541323D90342298AB3A19C5D8;1290.

LaTeX Warning: There were undefined references.


LaTeX Warning: Label(s) may have changed. Rerun to get cross-references right.

Package atveryend Info: Empty hook `AtVeryVeryEnd' on input line 557.
 ) 
Here is how much of TeX's memory you used:
 9758 strings out of 493117
 143738 string characters out of 6135433
 276455 words of memory out of 5000000
 12949 multiletter control sequences out of 15000+600000
 30142 words of font info for 81 fonts, out of 8000000 for 9000
 1141 hyphenation exceptions out of 8191
 36i,12n,58p,1142b,2058s stack positions out of 5000i,500n,10000p,200000b,80000s
pdfTeX warning (dest): name{subsection.3.6} has been referenced but does not 
exist, replaced by a fixed one

pdfTeX warning (dest): name{subsection.3.5} has been referenced but does not ex
ist, replaced by a fixed one

pdfTeX warning (dest): name{subsection.3.4} has been referenced but does not ex
ist, replaced by a fixed one

pdfTeX warning (dest): name{subsection.3.3} has been referenced but does not ex
ist, replaced by a fixed one

pdfTeX warning (dest): name{subsection.3.2} has been referenced but does not ex
ist, replaced by a fixed one

pdfTeX warning (dest): name{subsection.3.1} has been referenced but does not ex
ist, replaced by a fixed one

{/usr/local/texlive/2014/texmf-dist/fonts/enc/dvips/cm-super/cm-super-t1.enc}</
usr/local/texlive/2014/texmf-dist/fonts/type1/public/amsfonts/cm/cmbx10.pfb></u
sr/local/texlive/2014/texmf-dist/fonts/type1/public/amsfonts/cm/cmbx8.pfb></usr
/local/texlive/2014/texmf-dist/fonts/type1/public/amsfonts/cm/cmex10.pfb></usr/
local/texlive/2014/texmf-dist/fonts/type1/public/amsfonts/cm/cmmi10.pfb></usr/l
ocal/texlive/2014/texmf-dist/fonts/type1/public/amsfonts/cm/cmmi8.pfb></usr/loc
al/texlive/2014/texmf-dist/fonts/type1/public/amsfonts/cm/cmr10.pfb></usr/local
/texlive/2014/texmf-dist/fonts/type1/public/amsfonts/cm/cmr8.pfb></usr/local/te
xlive/2014/texmf-dist/fonts/type1/public/amsfonts/cm/cmsy10.pfb></usr/local/tex
live/2014/texmf-dist/fonts/type1/public/amsfonts/cm/cmsy8.pfb></usr/local/texli
ve/2014/texmf-dist/fonts/type1/public/cm-super/sfbx1000.pfb></usr/local/texlive
/2014/texmf-dist/fonts/type1/public/cm-super/sfbx1095.pfb></usr/local/texlive/2
014/texmf-dist/fonts/type1/public/cm-super/sfbx1200.pfb></usr/local/texlive/201
4/texmf-dist/fonts/type1/public/cm-super/sfbx1440.pfb></usr/local/texlive/2014/
texmf-dist/fonts/type1/public/cm-super/sfcc1095.pfb></usr/local/texlive/2014/te
xmf-dist/fonts/type1/public/cm-super/sfcc1440.pfb></usr/local/texlive/2014/texm
f-dist/fonts/type1/public/cm-super/sfrm0600.pfb></usr/local/texlive/2014/texmf-
dist/fonts/type1/public/cm-super/sfrm0800.pfb></usr/local/texlive/2014/texmf-di
st/fonts/type1/public/cm-super/sfrm0900.pfb></usr/local/texlive/2014/texmf-dist
/fonts/type1/public/cm-super/sfrm1000.pfb></usr/local/texlive/2014/texmf-dist/f
onts/type1/public/cm-super/sfrm1095.pfb></usr/local/texlive/2014/texmf-dist/fon
ts/type1/public/cm-super/sfrm2488.pfb></usr/local/texlive/2014/texmf-dist/fonts
/type1/public/cm-super/sfti0900.pfb></usr/local/texlive/2014/texmf-dist/fonts/t
ype1/public/cm-super/sfti1095.pfb></usr/local/texlive/2014/texmf-dist/fonts/typ
e1/public/cm-super/sftt0800.pfb></usr/local/texlive/2014/texmf-dist/fonts/type1
/public/cm-super/sftt0900.pfb></usr/local/texlive/2014/texmf-dist/fonts/type1/p
ublic/cm-super/sftt1095.pfb>
Output written on report5.pdf (19 pages, 1285153 bytes).
PDF statistics:
 431 PDF objects out of 1000 (max. 8388607)
 355 compressed objects within 4 object streams
 94 named destinations out of 1000 (max. 500000)
 194 words of extra memory for PDF output out of 10000 (max. 10000000)

